{"level":"info","message":"Server started at port 2000!","timestamp":"2021-09-07T16:52:41.780Z"}
{"level":"info","message":"Connected to database","timestamp":"2021-09-07T16:52:41.812Z"}
{"level":"info","message":"Status: 200: Successfully returned all users","timestamp":"2021-09-07T16:55:14.211Z"}
{"level":"info","message":"Server started at port 2000!","timestamp":"2021-09-07T16:55:25.144Z"}
{"level":"info","message":"Connected to database","timestamp":"2021-09-07T16:55:25.162Z"}
{"level":"info","message":"Status: 200: Successfully returned all users","timestamp":"2021-09-07T16:55:26.750Z"}
{"level":"info","message":"Status: 200: Entered data is valid","timestamp":"2021-09-07T16:56:40.142Z"}
{"level":"info","message":"Status: 200: Successfully signed up","timestamp":"2021-09-07T16:56:40.153Z"}
{"level":"info","message":"Status: 200: Entered data is valid","timestamp":"2021-09-07T16:58:50.799Z"}
{"level":"error","message":"Status: 400: userModel validation failed: lastName: Path `lastName` is required.","timestamp":"2021-09-07T16:58:50.802Z"}
{"level":"info","message":"Status: 200: Entered data is valid","timestamp":"2021-09-07T16:59:02.585Z"}
{"level":"error","message":"Status: 422: User already exists","timestamp":"2021-09-07T16:59:02.588Z"}
{"level":"info","message":"Status: 200: Successfully returned all users","timestamp":"2021-09-07T17:00:20.297Z"}
{"level":"info","message":"Status: 200: Successfully deleted user","timestamp":"2021-09-07T17:00:31.143Z"}
{"level":"info","message":"Status: 200: Entered data is valid","timestamp":"2021-09-07T17:00:47.353Z"}
{"level":"info","message":"Status: 200: Successfully signed up","timestamp":"2021-09-07T17:00:47.356Z"}
{"level":"info","message":"Server started at port 2000!","timestamp":"2021-09-07T17:01:09.672Z"}
{"level":"info","message":"Connected to database","timestamp":"2021-09-07T17:01:09.693Z"}
{"level":"info","message":"Server started at port 2000!","timestamp":"2021-09-07T17:01:11.131Z"}
{"level":"info","message":"Connected to database","timestamp":"2021-09-07T17:01:11.146Z"}
{"level":"info","message":"Status: 200: Successfully returned all notes","timestamp":"2021-09-07T17:02:03.119Z"}
{"level":"info","message":"Server started at port 2000!","timestamp":"2021-09-08T03:13:46.498Z"}
{"level":"info","message":"Connected to database","timestamp":"2021-09-08T03:13:46.517Z"}
{"level":"info","message":"Server started at port 2000!","timestamp":"2021-09-08T03:29:25.994Z"}
{"level":"info","message":"Connected to database","timestamp":"2021-09-08T03:29:26.013Z"}
{"level":"info","message":"Server started at port 2000!","timestamp":"2021-09-08T03:29:27.334Z"}
{"level":"info","message":"Connected to database","timestamp":"2021-09-08T03:29:27.352Z"}
{"level":"info","message":"Server started at port 2000!","timestamp":"2021-09-08T03:36:12.406Z"}
{"level":"info","message":"Connected to database","timestamp":"2021-09-08T03:36:12.423Z"}
{"level":"info","message":"Server started at port 2000!","timestamp":"2021-09-08T03:36:13.841Z"}
{"level":"info","message":"Connected to database","timestamp":"2021-09-08T03:36:13.860Z"}
{"level":"info","message":"Server started at port 2000!","timestamp":"2021-09-08T03:37:15.514Z"}
{"level":"info","message":"Connected to database","timestamp":"2021-09-08T03:37:15.538Z"}
{"level":"info","message":"Server started at port 2000!","timestamp":"2021-09-08T03:37:16.845Z"}
{"level":"info","message":"Connected to database","timestamp":"2021-09-08T03:37:16.864Z"}
{"level":"info","message":"Server started at port 2000!","timestamp":"2021-09-08T03:39:07.987Z"}
{"level":"info","message":"Connected to database","timestamp":"2021-09-08T03:39:08.007Z"}
{"level":"info","message":"Server started at port 2000!","timestamp":"2021-09-08T03:39:41.751Z"}
{"level":"info","message":"Connected to database","timestamp":"2021-09-08T03:39:41.770Z"}
{"level":"info","message":"Server started at port 2000!","timestamp":"2021-09-08T03:39:43.248Z"}
{"level":"info","message":"Connected to database","timestamp":"2021-09-08T03:39:43.266Z"}
{"level":"info","message":"Server started at port 2000!","timestamp":"2021-09-08T04:34:25.707Z"}
{"level":"info","message":"Connected to database","timestamp":"2021-09-08T04:34:25.731Z"}
{"level":"info","message":"Status: 200: Successfully returned all users","timestamp":"2021-09-08T04:34:38.661Z"}
{"level":"info","message":"Server started at port 2000!","timestamp":"2021-09-08T04:35:00.432Z"}
{"level":"info","message":"Connected to database","timestamp":"2021-09-08T04:35:00.450Z"}
{"level":"info","message":"Server started at port 2000!","timestamp":"2021-09-08T04:36:09.189Z"}
{"level":"info","message":"Connected to database","timestamp":"2021-09-08T04:36:09.208Z"}
{"level":"info","message":"Server started at port 2000!","timestamp":"2021-09-08T04:36:10.813Z"}
{"level":"info","message":"Connected to database","timestamp":"2021-09-08T04:36:10.831Z"}
{"level":"info","message":"Server started at port 2000!","timestamp":"2021-09-08T04:36:40.744Z"}
{"level":"info","message":"Connected to database","timestamp":"2021-09-08T04:36:40.764Z"}
{"level":"info","message":"Server started at port 2000!","timestamp":"2021-09-08T04:36:42.214Z"}
{"level":"info","message":"Connected to database","timestamp":"2021-09-08T04:36:42.232Z"}
{"level":"info","message":"Server started at port 2000!","timestamp":"2021-09-08T04:37:21.080Z"}
{"level":"info","message":"Connected to database","timestamp":"2021-09-08T04:37:21.097Z"}
{"level":"info","message":"Server started at port 2000!","timestamp":"2021-09-08T04:37:22.556Z"}
{"level":"info","message":"Connected to database","timestamp":"2021-09-08T04:37:22.575Z"}
{"level":"info","message":"Server started at port 2000!","timestamp":"2021-09-08T04:37:47.705Z"}
{"level":"info","message":"Connected to database","timestamp":"2021-09-08T04:37:47.722Z"}
{"level":"info","message":"Server started at port 2000!","timestamp":"2021-09-08T04:37:49.163Z"}
{"level":"info","message":"Connected to database","timestamp":"2021-09-08T04:37:49.181Z"}
{"level":"info","message":"Server started at port 2000!","timestamp":"2021-09-08T04:38:12.098Z"}
{"level":"info","message":"Connected to database","timestamp":"2021-09-08T04:38:12.117Z"}
{"level":"info","message":"Server started at port 2000!","timestamp":"2021-09-08T04:38:13.425Z"}
{"level":"info","message":"Connected to database","timestamp":"2021-09-08T04:38:13.442Z"}
{"level":"info","message":"Server started at port 2000!","timestamp":"2021-09-08T04:39:03.741Z"}
{"level":"info","message":"Connected to database","timestamp":"2021-09-08T04:39:03.762Z"}
{"level":"info","message":"Server started at port 2000!","timestamp":"2021-09-08T04:39:05.119Z"}
{"level":"info","message":"Connected to database","timestamp":"2021-09-08T04:39:05.137Z"}
{"level":"info","message":"Server started at port 2000!","timestamp":"2021-09-08T04:50:23.584Z"}
{"level":"info","message":"Connected to database","timestamp":"2021-09-08T04:50:23.603Z"}
{"level":"error","message":"Status: 404: User not found","timestamp":"2021-09-08T04:53:15.690Z"}
{"level":"info","message":"Server started at port 2000!","timestamp":"2021-09-08T04:55:51.903Z"}
{"level":"info","message":"Connected to database","timestamp":"2021-09-08T04:55:51.923Z"}
{"level":"info","message":"Server started at port 2000!","timestamp":"2021-09-08T04:55:54.816Z"}
{"level":"info","message":"Connected to database","timestamp":"2021-09-08T04:55:54.837Z"}
{"level":"info","message":"Server started at port 2000!","timestamp":"2021-09-08T04:56:04.187Z"}
{"level":"info","message":"Connected to database","timestamp":"2021-09-08T04:56:04.206Z"}
{"level":"info","message":"Server started at port 2000!","timestamp":"2021-09-08T04:56:05.591Z"}
{"level":"info","message":"Connected to database","timestamp":"2021-09-08T04:56:05.608Z"}
{"level":"info","message":"Status: 200: Successfully returned all users","timestamp":"2021-09-08T04:56:33.808Z"}
{"level":"info","message":"Status: 200: Successfully logged in","timestamp":"2021-09-08T04:56:40.646Z"}
{"level":"info","message":"Status: 200: Successfully logged in","timestamp":"2021-09-08T04:56:45.484Z"}
{"level":"info","message":"Status: 200: Successfully logged in","timestamp":"2021-09-08T04:56:46.176Z"}
{"level":"info","message":"Status: 200: Successfully logged in","timestamp":"2021-09-08T04:56:46.534Z"}
{"level":"info","message":"Status: 200: Successfully logged in","timestamp":"2021-09-08T04:56:47.117Z"}
{"level":"info","message":"Status: 200: Successfully logged in","timestamp":"2021-09-08T04:56:47.503Z"}
{"level":"info","message":"Status: 200: Successfully logged in","timestamp":"2021-09-08T04:56:47.999Z"}
{"level":"info","message":"Status: 200: Successfully logged in","timestamp":"2021-09-08T04:57:02.973Z"}
{"level":"info","message":"Server started at port 2000!","timestamp":"2021-09-08T05:00:34.546Z"}
{"level":"info","message":"Connected to database","timestamp":"2021-09-08T05:00:34.563Z"}
{"level":"info","message":"Server started at port 2000!","timestamp":"2021-09-08T05:00:35.866Z"}
{"level":"info","message":"Connected to database","timestamp":"2021-09-08T05:00:35.883Z"}
{"level":"info","message":"Server started at port 2000!","timestamp":"2021-09-08T05:01:43.348Z"}
{"level":"info","message":"Connected to database","timestamp":"2021-09-08T05:01:43.367Z"}
{"level":"info","message":"Server started at port 2000!","timestamp":"2021-09-08T05:01:44.802Z"}
{"level":"info","message":"Connected to database","timestamp":"2021-09-08T05:01:44.822Z"}
{"level":"info","message":"Server started at port 2000!","timestamp":"2021-09-08T05:01:58.448Z"}
{"level":"info","message":"Connected to database","timestamp":"2021-09-08T05:01:58.469Z"}
{"level":"info","message":"Server started at port 2000!","timestamp":"2021-09-08T05:01:59.936Z"}
{"level":"info","message":"Connected to database","timestamp":"2021-09-08T05:01:59.956Z"}
{"level":"error","message":"Status: 404: User not found","timestamp":"2021-09-08T05:02:32.582Z"}
{"level":"info","message":"Server started at port 2000!","timestamp":"2021-09-08T05:02:44.837Z"}
{"level":"info","message":"Connected to database","timestamp":"2021-09-08T05:02:44.856Z"}
{"level":"info","message":"Server started at port 2000!","timestamp":"2021-09-08T05:02:47.960Z"}
{"level":"info","message":"Connected to database","timestamp":"2021-09-08T05:02:47.979Z"}
{"level":"info","message":"Server started at port 2000!","timestamp":"2021-09-08T05:03:12.067Z"}
{"level":"info","message":"Connected to database","timestamp":"2021-09-08T05:03:12.087Z"}
{"level":"info","message":"Server started at port 2000!","timestamp":"2021-09-08T05:03:13.346Z"}
{"level":"info","message":"Connected to database","timestamp":"2021-09-08T05:03:13.365Z"}
{"level":"info","message":"Server started at port 2000!","timestamp":"2021-09-08T05:04:13.021Z"}
{"level":"info","message":"Connected to database","timestamp":"2021-09-08T05:04:13.040Z"}
{"level":"info","message":"Server started at port 2000!","timestamp":"2021-09-08T05:04:14.337Z"}
{"level":"info","message":"Connected to database","timestamp":"2021-09-08T05:04:14.355Z"}
{"level":"info","message":"Status: 200: Successfully logged in","timestamp":"2021-09-08T05:04:21.206Z"}
{"level":"info","message":"Server started at port 2000!","timestamp":"2021-09-08T05:04:55.243Z"}
{"level":"info","message":"Connected to database","timestamp":"2021-09-08T05:04:55.265Z"}
{"level":"info","message":"Server started at port 2000!","timestamp":"2021-09-08T05:04:56.842Z"}
{"level":"info","message":"Connected to database","timestamp":"2021-09-08T05:04:56.860Z"}
{"level":"info","message":"Status: 200: Successfully logged in","timestamp":"2021-09-08T05:05:05.745Z"}
{"level":"error","message":"Status: 404: User not found","timestamp":"2021-09-08T05:05:14.658Z"}
{"level":"info","message":"Status: 200: Entered data is valid","timestamp":"2021-09-08T05:05:42.660Z"}
{"level":"error","message":"Status: 422: User already exists","timestamp":"2021-09-08T05:05:42.664Z"}
{"level":"info","message":"Status: 200: Successfully returned all users","timestamp":"2021-09-08T05:06:51.356Z"}
{"level":"info","message":"Status: 200: Successfully returned all notes","timestamp":"2021-09-08T05:07:10.437Z"}
{"level":"info","message":"Server started at port 2000!","timestamp":"2021-09-08T05:07:58.142Z"}
{"level":"info","message":"Connected to database","timestamp":"2021-09-08T05:07:58.161Z"}
{"level":"info","message":"Server started at port 2000!","timestamp":"2021-09-08T05:08:00.050Z"}
{"level":"info","message":"Connected to database","timestamp":"2021-09-08T05:08:00.070Z"}
{"level":"info","message":"Server started at port 2000!","timestamp":"2021-09-08T05:52:16.914Z"}
{"level":"info","message":"Connected to database","timestamp":"2021-09-08T05:52:16.937Z"}
{"level":"info","message":"Status: 200: Successfully logged in","timestamp":"2021-09-08T05:52:29.539Z"}
{"level":"info","message":"Status: 200: Entered data is valid","timestamp":"2021-09-08T05:52:44.713Z"}
{"level":"error","message":"Status: 422: User already exists","timestamp":"2021-09-08T05:52:44.718Z"}
{"level":"info","message":"Status: 200: Entered data is valid","timestamp":"2021-09-08T05:52:57.436Z"}
{"level":"error","message":"Status: 400: userModel validation failed: firstName: Path `firstName` is required., lastName: Path `lastName` is required.","timestamp":"2021-09-08T05:52:57.442Z"}
{"level":"info","message":"Status: 200: Entered data is valid","timestamp":"2021-09-08T05:53:26.784Z"}
{"level":"info","message":"Status: 200: Successfully signed up","timestamp":"2021-09-08T05:53:26.790Z"}
{"level":"info","message":"Status: 200: Successfully deleted user","timestamp":"2021-09-08T05:53:43.665Z"}
{"level":"info","message":"Server started at port 2000!","timestamp":"2021-09-08T05:54:54.824Z"}
{"level":"info","message":"Connected to database","timestamp":"2021-09-08T05:54:54.845Z"}
{"level":"info","message":"Server started at port 2000!","timestamp":"2021-09-08T05:54:57.481Z"}
{"level":"info","message":"Connected to database","timestamp":"2021-09-08T05:54:57.503Z"}
{"level":"info","message":"Server started at port 2000!","timestamp":"2021-09-08T05:55:26.676Z"}
{"level":"info","message":"Connected to database","timestamp":"2021-09-08T05:55:26.698Z"}
{"level":"info","message":"Server started at port 2000!","timestamp":"2021-09-08T05:55:28.190Z"}
{"level":"info","message":"Connected to database","timestamp":"2021-09-08T05:55:28.211Z"}
{"level":"info","message":"Server started at port 2000!","timestamp":"2021-09-08T05:58:22.285Z"}
{"level":"info","message":"Connected to database","timestamp":"2021-09-08T05:58:22.306Z"}
{"level":"info","message":"Server started at port 2000!","timestamp":"2021-09-08T05:58:23.998Z"}
{"level":"info","message":"Connected to database","timestamp":"2021-09-08T05:58:24.018Z"}
{"level":"error","message":"Status: 422: [object Object]","timestamp":"2021-09-08T05:58:28.082Z"}
{"level":"info","message":"Server started at port 2000!","timestamp":"2021-09-08T06:00:35.496Z"}
{"level":"info","message":"Connected to database","timestamp":"2021-09-08T06:00:35.517Z"}
{"level":"info","message":"Server started at port 2000!","timestamp":"2021-09-08T06:00:37.582Z"}
{"level":"info","message":"Connected to database","timestamp":"2021-09-08T06:00:37.603Z"}
{"level":"error","message":"Status: 422: [object Object],[object Object]","timestamp":"2021-09-08T06:00:42.199Z"}
{"level":"info","message":"Server started at port 2000!","timestamp":"2021-09-08T06:00:51.591Z"}
{"level":"info","message":"Connected to database","timestamp":"2021-09-08T06:00:51.613Z"}
{"level":"info","message":"Server started at port 2000!","timestamp":"2021-09-08T06:00:53.788Z"}
{"level":"info","message":"Connected to database","timestamp":"2021-09-08T06:00:53.809Z"}
{"level":"error","message":"Status: 422: [object Object],[object Object]","timestamp":"2021-09-08T06:00:55.056Z"}
{"level":"info","message":"Status: 200: Successfully returned all users","timestamp":"2021-09-08T06:01:47.266Z"}
{"level":"error","message":"Status: 422: [object Object],[object Object]","timestamp":"2021-09-08T06:02:07.999Z"}
{"level":"info","message":"Status: 200: Entered data is valid","timestamp":"2021-09-08T06:02:16.443Z"}
{"level":"error","message":"Status: 422: ","timestamp":"2021-09-08T06:02:16.443Z"}
{"level":"error","message":"Status: 422: User already exists","timestamp":"2021-09-08T06:02:16.448Z"}
{"level":"info","message":"Server started at port 2000!","timestamp":"2021-09-08T06:06:56.205Z"}
{"level":"info","message":"Connected to database","timestamp":"2021-09-08T06:06:56.225Z"}
{"level":"info","message":"Server started at port 2000!","timestamp":"2021-09-08T06:06:58.516Z"}
{"level":"info","message":"Connected to database","timestamp":"2021-09-08T06:06:58.538Z"}
{"level":"info","message":"Status: 200: Entered data is valid","timestamp":"2021-09-08T06:06:58.989Z"}
{"level":"error","message":"Status: 422: ","timestamp":"2021-09-08T06:06:58.990Z"}
{"level":"error","message":"Status: 422: User already exists","timestamp":"2021-09-08T06:06:59.004Z"}
{"level":"info","message":"Status: 200: Entered data is valid","timestamp":"2021-09-08T06:08:24.257Z"}
{"level":"error","message":"Status: 422: ","timestamp":"2021-09-08T06:08:24.258Z"}
{"level":"info","message":"Status: 422: Successfully signed up","timestamp":"2021-09-08T06:08:24.268Z"}
{"level":"error","message":"Status: 400: Cannot set headers after they are sent to the client","timestamp":"2021-09-08T06:08:24.269Z"}
{"level":"info","message":"Server started at port 2000!","timestamp":"2021-09-08T06:10:51.540Z"}
{"level":"info","message":"Connected to database","timestamp":"2021-09-08T06:10:51.561Z"}
{"level":"info","message":"Server started at port 2000!","timestamp":"2021-09-08T06:10:53.799Z"}
{"level":"info","message":"Connected to database","timestamp":"2021-09-08T06:10:53.822Z"}
{"level":"info","message":"Status: 200: Entered data is valid","timestamp":"2021-09-08T06:10:57.288Z"}
{"level":"error","message":"Status: 422: User already exists","timestamp":"2021-09-08T06:10:57.300Z"}
{"level":"info","message":"Status: 200: Entered data is valid","timestamp":"2021-09-08T06:11:05.534Z"}
{"level":"error","message":"Status: 422: User already exists","timestamp":"2021-09-08T06:11:05.537Z"}
{"level":"info","message":"Status: 200: Entered data is valid","timestamp":"2021-09-08T06:11:18.515Z"}
{"level":"info","message":"Status: 200: Successfully signed up","timestamp":"2021-09-08T06:11:18.524Z"}
{"level":"info","message":"Status: 200: Successfully returned all users","timestamp":"2021-09-08T06:11:25.044Z"}
{"level":"info","message":"Status: 200: Successfully deleted user","timestamp":"2021-09-08T06:11:38.385Z"}
{"level":"info","message":"Status: 200: Successfully returned all users","timestamp":"2021-09-08T06:11:43.823Z"}
