{"level":"info","message":"Status: 200: Successfully returned all archived notes","timestamp":"2021-09-16T18:09:55.135Z"}
{"level":"error","message":"Status: 500: isArchived is not defined","timestamp":"2021-09-16T18:10:27.276Z"}
{"level":"info","message":"Status: 200: Note successfully archived","timestamp":"2021-09-16T18:14:15.945Z"}
{"level":"error","message":"Status: 500: allTrashednotes is not defined","timestamp":"2021-09-16T18:14:15.946Z"}
{"level":"info","message":"Status: 200: Note successfully archived","timestamp":"2021-09-16T18:14:24.551Z"}
{"level":"error","message":"Status: 500: allTrashednotes is not defined","timestamp":"2021-09-16T18:14:24.551Z"}
{"level":"info","message":"Status: 200: Note successfully archived","timestamp":"2021-09-16T18:14:55.583Z"}
{"level":"info","message":"Status: 200: Note successfully archived","timestamp":"2021-09-16T18:14:57.275Z"}
{"level":"info","message":"Status: 200: Note successfully archived","timestamp":"2021-09-16T18:14:58.072Z"}
{"level":"info","message":"Status: 200: Note successfully archived","timestamp":"2021-09-16T18:14:58.648Z"}
{"level":"info","message":"Status: 200: Note successfully archived","timestamp":"2021-09-16T18:14:59.124Z"}
{"level":"info","message":"Status: 200: Note successfully archived","timestamp":"2021-09-16T18:14:59.598Z"}
{"level":"info","message":"Status: 200: Note successfully archived","timestamp":"2021-09-16T18:15:00.047Z"}
{"level":"info","message":"Status: 200: Successfully returned all notes","timestamp":"2021-09-18T18:28:12.238Z"}
{"level":"info","message":"Status: 200: Note found","timestamp":"2021-09-18T18:28:33.341Z"}
{"level":"info","message":"Status: 200: Successfully deleted note","timestamp":"2021-09-18T18:28:33.351Z"}
{"level":"info","message":"Status: 200: Note found","timestamp":"2021-09-18T18:28:39.872Z"}
{"level":"info","message":"Status: 200: Successfully deleted note","timestamp":"2021-09-18T18:28:39.873Z"}
{"level":"info","message":"Status: 200: Note found","timestamp":"2021-09-18T18:28:45.895Z"}
{"level":"info","message":"Status: 200: Successfully deleted note","timestamp":"2021-09-18T18:28:45.897Z"}
{"level":"info","message":"Status: 200: Note found","timestamp":"2021-09-18T18:28:51.819Z"}
{"level":"info","message":"Status: 200: Successfully deleted note","timestamp":"2021-09-18T18:28:51.821Z"}
{"level":"info","message":"Status: 200: Note found","timestamp":"2021-09-18T18:28:59.149Z"}
{"level":"info","message":"Status: 200: Successfully deleted note","timestamp":"2021-09-18T18:28:59.150Z"}
{"level":"info","message":"Status: 200: Note found","timestamp":"2021-09-18T18:29:05.462Z"}
{"level":"info","message":"Status: 200: Successfully deleted note","timestamp":"2021-09-18T18:29:05.463Z"}
{"level":"info","message":"Status: 200: Note found","timestamp":"2021-09-18T18:29:11.938Z"}
{"level":"info","message":"Status: 200: Successfully deleted note","timestamp":"2021-09-18T18:29:11.939Z"}
{"level":"info","message":"Status: 200: Note found","timestamp":"2021-09-18T18:29:17.420Z"}
{"level":"info","message":"Status: 200: Successfully deleted note","timestamp":"2021-09-18T18:29:17.421Z"}
{"level":"info","message":"Status: 200: Note found","timestamp":"2021-09-18T18:29:22.534Z"}
{"level":"info","message":"Status: 200: Successfully deleted note","timestamp":"2021-09-18T18:29:22.535Z"}
{"level":"info","message":"Status: 200: Successfully returned all notes","timestamp":"2021-09-18T18:29:24.501Z"}
{"level":"info","message":"Status: 200: Note found","timestamp":"2021-09-18T18:29:30.115Z"}
{"level":"info","message":"Status: 200: Successfully deleted note","timestamp":"2021-09-18T18:29:30.117Z"}
{"level":"info","message":"Status: 200: Note found","timestamp":"2021-09-18T18:29:35.858Z"}
{"level":"info","message":"Status: 200: Successfully deleted note","timestamp":"2021-09-18T18:29:35.859Z"}
{"level":"info","message":"Status: 200: Note found","timestamp":"2021-09-18T18:29:41.927Z"}
{"level":"info","message":"Status: 200: Successfully deleted note","timestamp":"2021-09-18T18:29:41.929Z"}
{"level":"info","message":"Status: 200: Note found","timestamp":"2021-09-18T18:29:47.532Z"}
{"level":"info","message":"Status: 200: Successfully deleted note","timestamp":"2021-09-18T18:29:47.533Z"}
{"level":"info","message":"Status: 200: Note found","timestamp":"2021-09-18T18:29:52.564Z"}
{"level":"info","message":"Status: 200: Successfully deleted note","timestamp":"2021-09-18T18:29:52.565Z"}
{"level":"info","message":"Status: 200: Note found","timestamp":"2021-09-18T18:29:58.177Z"}
{"level":"info","message":"Status: 200: Successfully deleted note","timestamp":"2021-09-18T18:29:58.178Z"}
{"level":"info","message":"Status: 200: Note found","timestamp":"2021-09-18T18:30:04.333Z"}
{"level":"info","message":"Status: 200: Successfully deleted note","timestamp":"2021-09-18T18:30:04.334Z"}
{"level":"error","message":"Status: 404: Note not found","timestamp":"2021-09-18T18:30:05.041Z"}
{"level":"info","message":"Status: 200: Successfully returned all notes","timestamp":"2021-09-18T18:30:07.828Z"}
{"level":"info","message":"Status: 200: Note successfully added","timestamp":"2021-09-18T18:33:32.336Z"}
{"level":"info","message":"Status: 200: Note found","timestamp":"2021-09-18T18:33:39.567Z"}
{"level":"info","message":"Status: 200: Note successfully deleted","timestamp":"2021-09-18T18:33:39.576Z"}
{"level":"info","message":"Status: 200: Note found","timestamp":"2021-09-18T18:33:43.987Z"}
{"level":"info","message":"Status: 200: Note successfully deleted","timestamp":"2021-09-18T18:33:43.992Z"}
{"level":"info","message":"Status: 200: Note found","timestamp":"2021-09-18T18:33:45.150Z"}
{"level":"info","message":"Status: 200: Note successfully deleted","timestamp":"2021-09-18T18:33:45.153Z"}
{"level":"info","message":"Status: 200: Successfully returned all notes","timestamp":"2021-09-18T18:33:49.344Z"}
{"level":"info","message":"Status: 200: Successfully returned all notes","timestamp":"2021-09-18T18:33:52.904Z"}
{"level":"info","message":"Status: 200: Successfully returned all notes","timestamp":"2021-09-18T18:33:53.857Z"}
{"level":"info","message":"Status: 200: Successfully returned all notes","timestamp":"2021-09-18T18:36:27.145Z"}
{"level":"info","message":"Status: 200: Note found","timestamp":"2021-09-18T18:36:33.495Z"}
{"level":"info","message":"Status: 200: Note successfully deleted","timestamp":"2021-09-18T18:36:33.506Z"}
{"level":"info","message":"Status: 200: Successfully returned all notes","timestamp":"2021-09-18T18:36:35.783Z"}
{"level":"info","message":"Status: 200: Successfully returned all notes","timestamp":"2021-09-18T18:39:40.186Z"}
{"level":"info","message":"Status: 200: Note found","timestamp":"2021-09-18T18:39:44.339Z"}
{"level":"info","message":"Status: 200: Note successfully deleted","timestamp":"2021-09-18T18:39:44.350Z"}
{"level":"info","message":"Status: 200: Successfully returned all notes","timestamp":"2021-09-18T18:39:46.366Z"}
{"level":"info","message":"Status: 200: Note found","timestamp":"2021-09-18T18:39:56.487Z"}
{"level":"info","message":"Status: 200: Note successfully deleted","timestamp":"2021-09-18T18:39:56.490Z"}
{"level":"info","message":"Status: 200: Note found","timestamp":"2021-09-18T18:39:57.321Z"}
{"level":"info","message":"Status: 200: Note successfully deleted","timestamp":"2021-09-18T18:39:57.326Z"}
{"level":"info","message":"Status: 200: Note found","timestamp":"2021-09-18T18:41:41.820Z"}
{"level":"error","message":"Status: 500: notesModel validation failed: title: Path `title` is required.","timestamp":"2021-09-18T18:41:41.823Z"}
{"level":"info","message":"Status: 200: Note found","timestamp":"2021-09-18T18:41:44.211Z"}
{"level":"error","message":"Status: 500: notesModel validation failed: title: Path `title` is required.","timestamp":"2021-09-18T18:41:44.215Z"}
{"level":"info","message":"Status: 200: Note found","timestamp":"2021-09-18T18:42:03.011Z"}
{"level":"info","message":"Status: 200: Note successfully updated","timestamp":"2021-09-18T18:42:03.014Z"}
{"level":"info","message":"Status: 200: Note found","timestamp":"2021-09-18T18:42:03.986Z"}
{"level":"info","message":"Status: 200: Note found","timestamp":"2021-09-18T18:42:10.581Z"}
{"level":"error","message":"Status: 500: notesModel validation failed: title: Path `title` is required.","timestamp":"2021-09-18T18:42:10.583Z"}
{"level":"info","message":"Status: 200: Successfully returned all notes","timestamp":"2021-09-18T18:42:16.845Z"}
{"level":"info","message":"Status: 200: Note found","timestamp":"2021-09-18T18:42:19.175Z"}
{"level":"info","message":"Status: 200: Note successfully deleted","timestamp":"2021-09-18T18:42:19.178Z"}
{"level":"info","message":"Status: 200: Successfully returned all notes","timestamp":"2021-09-18T18:42:25.878Z"}
{"level":"info","message":"Status: 200: Note found","timestamp":"2021-09-18T18:42:31.447Z"}
{"level":"error","message":"Status: 500: notesModel validation failed: title: Path `title` is required.","timestamp":"2021-09-18T18:42:31.449Z"}
{"level":"info","message":"Status: 200: Successfully returned all notes","timestamp":"2021-09-18T18:42:33.516Z"}
{"level":"info","message":"Status: 200: Successfully returned all notes","timestamp":"2021-09-18T18:42:37.659Z"}
{"level":"info","message":"Status: 200: Note found","timestamp":"2021-09-18T18:44:28.279Z"}
{"level":"info","message":"Status: 200: Note successfully updated","timestamp":"2021-09-18T18:44:28.283Z"}
{"level":"info","message":"Status: 200: Successfully returned all notes","timestamp":"2021-09-18T18:44:35.451Z"}
{"level":"info","message":"Status: 200: Note found","timestamp":"2021-09-18T18:45:02.284Z"}
{"level":"info","message":"Status: 200: Note found","timestamp":"2021-09-18T18:46:53.091Z"}
{"level":"info","message":"Status: 200: Note found","timestamp":"2021-09-18T18:46:53.801Z"}
{"level":"info","message":"Status: 200: Note found","timestamp":"2021-09-18T18:46:54.341Z"}
{"level":"info","message":"Status: 200: Note found","timestamp":"2021-09-18T18:46:55.023Z"}
{"level":"info","message":"Status: 200: Note found","timestamp":"2021-09-18T18:46:55.479Z"}
{"level":"info","message":"Status: 200: Note found","timestamp":"2021-09-18T18:46:56.791Z"}
{"level":"info","message":"Status: 200: Note found","timestamp":"2021-09-18T18:46:57.333Z"}
{"level":"info","message":"Status: 200: Note found","timestamp":"2021-09-18T18:47:17.839Z"}
{"level":"info","message":"Status: 200: Note successfully deleted","timestamp":"2021-09-18T18:47:17.849Z"}
{"level":"info","message":"Status: 200: Note found","timestamp":"2021-09-18T18:47:22.118Z"}
{"level":"info","message":"Status: 200: Note successfully deleted","timestamp":"2021-09-18T18:47:22.123Z"}
{"level":"info","message":"Status: 200: Note found","timestamp":"2021-09-18T18:47:24.698Z"}
{"level":"info","message":"Status: 200: Note found","timestamp":"2021-09-18T18:47:27.016Z"}
{"level":"info","message":"Status: 200: Note found","timestamp":"2021-09-18T18:47:48.545Z"}
{"level":"info","message":"Status: 200: Note found","timestamp":"2021-09-18T18:49:56.507Z"}
{"level":"info","message":"Status: 200: Note found","timestamp":"2021-09-18T18:50:39.551Z"}
{"level":"info","message":"Status: 200: Note successfully added","timestamp":"2021-09-18T18:50:52.605Z"}
{"level":"info","message":"Status: 200: Successfully returned all notes","timestamp":"2021-09-18T18:50:56.000Z"}
{"level":"info","message":"Status: 200: Successfully returned all notes","timestamp":"2021-09-18T18:51:31.873Z"}
{"level":"info","message":"Status: 200: Note found","timestamp":"2021-09-18T18:51:51.981Z"}
{"level":"info","message":"Status: 200: Note successfully updated","timestamp":"2021-09-18T18:51:51.985Z"}
{"level":"info","message":"Status: 200: Note found","timestamp":"2021-09-18T18:51:53.117Z"}
{"level":"info","message":"Status: 200: Successfully returned all notes","timestamp":"2021-09-18T18:51:55.917Z"}
{"level":"info","message":"Status: 200: Note successfully pinned","timestamp":"2021-09-18T18:54:49.792Z"}
{"level":"info","message":"Status: 200: Note successfully pinned","timestamp":"2021-09-18T18:54:51.625Z"}
{"level":"info","message":"Status: 200: Note successfully pinned","timestamp":"2021-09-18T18:54:52.204Z"}
{"level":"info","message":"Status: 200: Note successfully pinned","timestamp":"2021-09-18T18:54:52.711Z"}
{"level":"info","message":"Status: 200: Note successfully pinned","timestamp":"2021-09-18T18:54:53.161Z"}
{"level":"info","message":"Status: 200: Note successfully pinned","timestamp":"2021-09-18T18:54:53.569Z"}
{"level":"info","message":"Status: 200: Note successfully pinned","timestamp":"2021-09-18T18:54:54.055Z"}
{"level":"info","message":"Status: 200: Note successfully pinned","timestamp":"2021-09-18T18:54:54.522Z"}
{"level":"info","message":"Status: 200: Note successfully pinned","timestamp":"2021-09-18T18:54:55.075Z"}
{"level":"info","message":"Status: 200: Successfully returned all notes","timestamp":"2021-09-18T18:54:59.694Z"}
{"level":"info","message":"Status: 200: Successfully returned all notes","timestamp":"2021-09-18T19:05:33.650Z"}
{"level":"info","message":"Status: 200: Successfully returned all notes","timestamp":"2021-09-18T19:06:35.506Z"}
{"level":"info","message":"Status: 200: Successfully returned all notes","timestamp":"2021-09-18T19:06:42.860Z"}
{"level":"info","message":"Status: 200: Note found","timestamp":"2021-09-18T19:12:01.704Z"}
{"level":"info","message":"Status: 200: Note successfully deleted","timestamp":"2021-09-18T19:12:01.715Z"}
{"level":"error","message":"Status: 404: Note not found","timestamp":"2021-09-18T19:12:04.730Z"}
{"level":"error","message":"Status: 500: Cannot read property 'isDeleted' of null","timestamp":"2021-09-18T19:12:04.733Z"}
{"level":"info","message":"Status: 200: Successfully returned all notes","timestamp":"2021-09-18T19:12:24.945Z"}
{"level":"info","message":"Status: 200: Note found","timestamp":"2021-09-18T19:12:30.450Z"}
{"level":"info","message":"Status: 200: Note successfully deleted","timestamp":"2021-09-18T19:12:30.453Z"}
{"level":"error","message":"Status: 404: Note not found","timestamp":"2021-09-18T19:12:32.527Z"}
{"level":"error","message":"Status: 500: Cannot read property 'isDeleted' of null","timestamp":"2021-09-18T19:12:32.529Z"}
{"level":"error","message":"Status: 404: Note not found","timestamp":"2021-09-18T19:12:44.364Z"}
{"level":"error","message":"Status: 500: Cannot read property 'isDeleted' of null","timestamp":"2021-09-18T19:12:44.373Z"}
{"level":"error","message":"Status: 404: Note not found","timestamp":"2021-09-18T19:12:45.317Z"}
{"level":"error","message":"Status: 500: Cannot read property 'isDeleted' of null","timestamp":"2021-09-18T19:12:45.319Z"}
{"level":"error","message":"Status: 404: Note not found","timestamp":"2021-09-18T19:12:46.339Z"}
{"level":"error","message":"Status: 500: Cannot read property 'isDeleted' of null","timestamp":"2021-09-18T19:12:46.341Z"}
{"level":"error","message":"Status: 404: Note not found","timestamp":"2021-09-18T19:12:46.972Z"}
{"level":"error","message":"Status: 500: Cannot read property 'isDeleted' of null","timestamp":"2021-09-18T19:12:46.974Z"}
{"level":"error","message":"Status: 404: Note not found","timestamp":"2021-09-18T19:13:37.629Z"}
{"level":"error","message":"Status: 500: Cannot read property 'isDeleted' of null","timestamp":"2021-09-18T19:13:37.635Z"}
{"level":"error","message":"Status: 404: Note not found","timestamp":"2021-09-18T19:13:45.478Z"}
{"level":"error","message":"Status: 500: Cannot read property 'isDeleted' of null","timestamp":"2021-09-18T19:13:45.484Z"}
{"level":"error","message":"Status: 404: Note not found","timestamp":"2021-09-18T19:13:47.473Z"}
{"level":"error","message":"Status: 500: Cannot read property 'isDeleted' of null","timestamp":"2021-09-18T19:13:47.478Z"}
{"level":"error","message":"Status: 404: Note not found","timestamp":"2021-09-18T19:14:26.939Z"}
{"level":"error","message":"Status: 404: Note not found","timestamp":"2021-09-18T19:14:29.592Z"}
{"level":"error","message":"Status: 404: Note not found","timestamp":"2021-09-18T19:14:30.401Z"}
{"level":"error","message":"Status: 404: Note not found","timestamp":"2021-09-18T19:14:48.596Z"}
{"level":"error","message":"Status: 404: Note not found","timestamp":"2021-09-18T19:14:49.519Z"}
{"level":"info","message":"Status: 200: Successfully returned all notes","timestamp":"2021-09-18T19:14:53.403Z"}
{"level":"info","message":"Status: 200: Note successfully added","timestamp":"2021-09-18T19:18:22.103Z"}
{"level":"info","message":"Status: 200: Successfully returned all notes","timestamp":"2021-09-18T19:18:48.662Z"}
{"level":"info","message":"Status: 200: Note successfully added","timestamp":"2021-09-18T19:19:47.882Z"}
{"level":"info","message":"Status: 200: Successfully returned all notes","timestamp":"2021-09-18T19:19:55.468Z"}
{"level":"info","message":"Status: 200: Note successfully added","timestamp":"2021-09-18T19:20:34.519Z"}
{"level":"info","message":"Status: 200: Note successfully added","timestamp":"2021-09-18T19:24:04.425Z"}
{"level":"info","message":"Status: 200: Successfully returned all notes","timestamp":"2021-09-18T19:24:12.100Z"}
{"level":"info","message":"Status: 200: Successfully returned all notes","timestamp":"2021-09-18T19:25:14.295Z"}
{"level":"error","message":"Status: 404: Note not found","timestamp":"2021-09-18T19:25:35.139Z"}
{"level":"info","message":"Status: 200: Note found","timestamp":"2021-09-18T19:25:43.526Z"}
{"level":"info","message":"Status: 200: Note found","timestamp":"2021-09-18T19:25:55.304Z"}
{"level":"info","message":"Status: 200: Successfully returned all notes","timestamp":"2021-09-18T19:25:59.801Z"}
{"level":"info","message":"Status: 200: Note found","timestamp":"2021-09-18T19:26:09.921Z"}
{"level":"info","message":"Status: 200: Note found","timestamp":"2021-09-18T19:26:24.107Z"}
{"level":"info","message":"Status: 200: Note found","timestamp":"2021-09-18T19:26:34.520Z"}
{"level":"info","message":"Status: 200: Note found","timestamp":"2021-09-18T19:26:52.691Z"}
{"level":"info","message":"Status: 200: Successfully returned all notes","timestamp":"2021-09-18T19:27:01.823Z"}
{"level":"info","message":"Status: 200: Note found","timestamp":"2021-09-18T19:27:19.082Z"}
{"level":"info","message":"Status: 200: Note found","timestamp":"2021-09-18T19:28:30.417Z"}
{"level":"error","message":"Status: 500: notesModel validation failed: userID: Path `userID` is required.","timestamp":"2021-09-18T19:28:30.425Z"}
{"level":"info","message":"Status: 200: Note found","timestamp":"2021-09-18T19:28:39.399Z"}
{"level":"error","message":"Status: 500: notesModel validation failed: userID: Path `userID` is required.","timestamp":"2021-09-18T19:28:39.402Z"}
{"level":"info","message":"Status: 200: Note found","timestamp":"2021-09-18T19:30:12.309Z"}
{"level":"info","message":"Status: 200: Note found","timestamp":"2021-09-18T19:31:03.796Z"}
{"level":"info","message":"Status: 200: Note successfully updated","timestamp":"2021-09-18T19:31:03.807Z"}
{"level":"info","message":"Status: 200: Note found","timestamp":"2021-09-18T19:31:08.337Z"}
{"level":"info","message":"Status: 200: Note successfully deleted","timestamp":"2021-09-18T19:31:08.341Z"}
{"level":"info","message":"Status: 200: Note found","timestamp":"2021-09-18T19:31:12.524Z"}
{"level":"info","message":"Status: 200: Note successfully deleted","timestamp":"2021-09-18T19:31:12.528Z"}
{"level":"info","message":"Status: 200: Note found","timestamp":"2021-09-18T19:31:14.548Z"}
{"level":"info","message":"Status: 200: Note successfully deleted","timestamp":"2021-09-18T19:31:14.551Z"}
{"level":"info","message":"Status: 200: Note found","timestamp":"2021-09-18T19:31:15.196Z"}
{"level":"info","message":"Status: 200: Note successfully deleted","timestamp":"2021-09-18T19:31:15.200Z"}
{"level":"info","message":"Status: 200: Note found","timestamp":"2021-09-18T19:31:26.363Z"}
{"level":"info","message":"Status: 200: Note successfully deleted","timestamp":"2021-09-18T19:31:26.375Z"}
{"level":"error","message":"Status: 404: Note not found","timestamp":"2021-09-18T19:31:28.530Z"}
{"level":"error","message":"Status: 500: Cannot read property 'isDeleted' of null","timestamp":"2021-09-18T19:31:28.532Z"}
{"level":"info","message":"Status: 200: Successfully returned all notes","timestamp":"2021-09-18T19:31:32.339Z"}
{"level":"info","message":"Status: 200: Note found","timestamp":"2021-09-18T19:31:41.370Z"}
{"level":"error","message":"Status: 500: notesModel validation failed: userID: Path `userID` is required.","timestamp":"2021-09-18T19:31:41.373Z"}
{"level":"error","message":"Status: 404: Note not found","timestamp":"2021-09-18T19:31:50.440Z"}
{"level":"error","message":"Status: 404: Note not found","timestamp":"2021-09-18T19:31:53.191Z"}
{"level":"error","message":"Status: 500: Cannot read property 'isDeleted' of null","timestamp":"2021-09-18T19:31:53.192Z"}
{"level":"info","message":"Status: 200: Successfully returned all notes","timestamp":"2021-09-18T19:31:56.091Z"}
{"level":"info","message":"Status: 200: Note found","timestamp":"2021-09-18T19:32:01.959Z"}
{"level":"error","message":"Status: 500: notesModel validation failed: userID: Path `userID` is required.","timestamp":"2021-09-18T19:32:01.961Z"}
{"level":"error","message":"Status: 404: Note not found","timestamp":"2021-09-18T19:32:03.620Z"}
{"level":"error","message":"Status: 500: Cannot read property 'isDeleted' of null","timestamp":"2021-09-18T19:32:03.623Z"}
{"level":"info","message":"Status: 200: Successfully returned all notes","timestamp":"2021-09-18T19:32:05.788Z"}
{"level":"info","message":"Status: 200: Note found","timestamp":"2021-09-18T19:32:11.650Z"}
{"level":"info","message":"Status: 200: Note successfully deleted","timestamp":"2021-09-18T19:32:11.653Z"}
{"level":"info","message":"Status: 200: Successfully returned all notes","timestamp":"2021-09-18T19:32:14.127Z"}
{"level":"info","message":"Status: 200: Note successfully added","timestamp":"2021-09-18T19:33:27.010Z"}
{"level":"info","message":"Status: 200: Successfully returned all notes","timestamp":"2021-09-18T19:33:35.625Z"}
{"level":"info","message":"Status: 200: Successfully returned all notes","timestamp":"2021-09-18T19:34:18.878Z"}
{"level":"info","message":"Status: 200: Successfully returned all notes","timestamp":"2021-09-18T19:34:35.503Z"}
{"level":"info","message":"Status: 200: Note successfully added","timestamp":"2021-09-18T19:38:41.979Z"}
{"level":"info","message":"Status: 200: Successfully returned all notes","timestamp":"2021-09-18T19:38:46.912Z"}
{"level":"info","message":"Status: 200: Successfully returned all notes","timestamp":"2021-09-18T19:39:02.400Z"}
{"level":"info","message":"Status: 200: Note found","timestamp":"2021-09-18T19:41:02.998Z"}
{"level":"info","message":"Status: 200: Successfully returned all archived notes","timestamp":"2021-09-18T19:41:28.396Z"}
{"level":"info","message":"Status: 200: Successfully returned all notes","timestamp":"2021-09-18T19:41:37.996Z"}
