{"level":"info","message":"Status: 200: Successfully logged in","timestamp":"2021-09-18T19:02:11.974Z"}
{"level":"info","message":"Status: 200: Successfully returned all users","timestamp":"2021-09-18T19:02:43.572Z"}
{"level":"info","message":"Status: 200: Successfully returned all users","timestamp":"2021-09-18T19:03:13.292Z"}
{"level":"info","message":"Status: 200: Successfully returned all users","timestamp":"2021-09-18T19:03:30.075Z"}
{"level":"info","message":"Status: 200: User found","timestamp":"2021-09-18T19:24:33.500Z"}
{"level":"info","message":"Status: 200: Successfully returned user","timestamp":"2021-09-18T19:24:33.501Z"}
{"level":"info","message":"Status: 200: User found","timestamp":"2021-09-18T19:24:41.530Z"}
{"level":"info","message":"Status: 200: Successfully returned user","timestamp":"2021-09-18T19:24:41.530Z"}
{"level":"info","message":"Status: 200: Successfully logged in","timestamp":"2021-09-18T19:38:31.499Z"}
{"level":"info","message":"Status: 200: Successfully logged in","timestamp":"2021-10-06T10:32:39.457Z"}
{"level":"info","message":"Status: 200: Successfully returned all users","timestamp":"2021-10-06T10:33:44.324Z"}
{"level":"info","message":"Status: 200: Entered data is valid","timestamp":"2021-10-11T03:36:32.795Z"}
{"level":"error","message":"Status: 422: User already exists","timestamp":"2021-10-11T03:36:32.861Z"}
{"level":"info","message":"Status: 200: Entered data is valid","timestamp":"2021-10-11T03:37:41.112Z"}
{"level":"info","message":"Status: 200: Successfully signed up","timestamp":"2021-10-11T03:37:41.179Z"}
{"level":"info","message":"Status: 200: Entered data is valid","timestamp":"2021-10-11T03:57:20.223Z"}
{"level":"error","message":"Status: 422: User already exists","timestamp":"2021-10-11T03:57:20.287Z"}
{"level":"info","message":"Status: 200: Entered data is valid","timestamp":"2021-10-11T03:59:17.716Z"}
{"level":"info","message":"Status: 200: Successfully signed up","timestamp":"2021-10-11T03:59:17.774Z"}
{"level":"info","message":"Status: 200: Entered data is valid","timestamp":"2021-10-11T03:59:22.826Z"}
{"level":"error","message":"Status: 422: User already exists","timestamp":"2021-10-11T03:59:22.880Z"}
{"level":"info","message":"Status: 200: Entered data is valid","timestamp":"2021-10-11T04:01:27.527Z"}
{"level":"info","message":"Status: 200: Successfully signed up","timestamp":"2021-10-11T04:01:27.585Z"}
{"level":"info","message":"Status: 200: Successfully logged in","timestamp":"2021-10-11T04:02:19.147Z"}
{"level":"info","message":"Status: 200: Successfully returned all users","timestamp":"2021-10-11T04:02:38.054Z"}
{"level":"info","message":"Status: 200: Entered data is valid","timestamp":"2021-10-11T04:03:50.027Z"}
{"level":"error","message":"Status: 422: User already exists","timestamp":"2021-10-11T04:03:50.085Z"}
{"level":"info","message":"Status: 200: Entered data is valid","timestamp":"2021-10-11T04:06:40.411Z"}
{"level":"error","message":"Status: 422: User already exists","timestamp":"2021-10-11T04:06:40.466Z"}
{"level":"info","message":"Status: 200: Entered data is valid","timestamp":"2021-10-11T04:08:36.044Z"}
{"level":"error","message":"Status: 422: User already exists","timestamp":"2021-10-11T04:08:36.101Z"}
{"level":"info","message":"Status: 200: Entered data is valid","timestamp":"2021-10-11T04:10:35.073Z"}
{"level":"error","message":"Status: 422: User already exists","timestamp":"2021-10-11T04:10:35.127Z"}
{"level":"info","message":"Status: 200: Entered data is valid","timestamp":"2021-10-11T04:11:49.640Z"}
{"level":"error","message":"Status: 422: User already exists","timestamp":"2021-10-11T04:11:49.695Z"}
{"level":"info","message":"Status: 200: Entered data is valid","timestamp":"2021-10-11T04:12:24.308Z"}
{"level":"error","message":"Status: 422: User already exists","timestamp":"2021-10-11T04:12:24.359Z"}
{"level":"info","message":"Status: 200: Entered data is valid","timestamp":"2021-10-11T04:16:54.028Z"}
{"level":"info","message":"Status: 200: Successfully signed up","timestamp":"2021-10-11T04:16:54.083Z"}
{"level":"info","message":"Status: 200: Entered data is valid","timestamp":"2021-10-11T04:17:34.040Z"}
{"level":"error","message":"Status: 422: User already exists","timestamp":"2021-10-11T04:17:34.097Z"}
{"level":"info","message":"Status: 200: Entered data is valid","timestamp":"2021-10-11T04:18:46.660Z"}
{"level":"info","message":"Status: 200: Successfully signed up","timestamp":"2021-10-11T04:18:46.715Z"}
{"level":"info","message":"Status: 200: Entered data is valid","timestamp":"2021-10-11T04:18:58.860Z"}
{"level":"error","message":"Status: 422: User already exists","timestamp":"2021-10-11T04:18:58.915Z"}
{"level":"info","message":"Status: 200: Entered data is valid","timestamp":"2021-10-11T04:19:32.987Z"}
{"level":"error","message":"Status: 422: User already exists","timestamp":"2021-10-11T04:19:33.039Z"}
{"level":"info","message":"Status: 200: Entered data is valid","timestamp":"2021-10-11T04:21:16.516Z"}
{"level":"error","message":"Status: 422: User already exists","timestamp":"2021-10-11T04:21:16.567Z"}
{"level":"info","message":"Status: 200: Entered data is valid","timestamp":"2021-10-11T04:46:53.546Z"}
{"level":"error","message":"Status: 422: User already exists","timestamp":"2021-10-11T04:46:53.602Z"}
{"level":"info","message":"Status: 200: Entered data is valid","timestamp":"2021-10-11T04:49:49.632Z"}
{"level":"info","message":"Status: 200: Successfully signed up","timestamp":"2021-10-11T04:49:49.686Z"}
{"level":"info","message":"Status: 200: Entered data is valid","timestamp":"2021-10-11T04:50:06.415Z"}
{"level":"error","message":"Status: 422: User already exists","timestamp":"2021-10-11T04:50:06.470Z"}
{"level":"info","message":"Status: 200: Entered data is valid","timestamp":"2021-10-11T05:45:25.215Z"}
{"level":"error","message":"Status: 422: User already exists","timestamp":"2021-10-11T05:45:25.265Z"}
{"level":"info","message":"Status: 200: Entered data is valid","timestamp":"2021-10-11T05:46:48.564Z"}
{"level":"info","message":"Status: 200: Successfully signed up","timestamp":"2021-10-11T05:46:48.618Z"}
{"level":"info","message":"Status: 200: Entered data is valid","timestamp":"2021-10-11T06:02:59.603Z"}
{"level":"info","message":"Status: 200: Successfully signed up","timestamp":"2021-10-11T06:02:59.655Z"}
{"level":"info","message":"Status: 200: Entered data is valid","timestamp":"2021-10-11T06:04:00.363Z"}
{"level":"info","message":"Status: 200: Successfully signed up","timestamp":"2021-10-11T06:04:00.416Z"}
{"level":"info","message":"Status: 200: Successfully returned all users","timestamp":"2021-10-11T06:06:09.166Z"}
{"level":"error","message":"Status: 500: data and hash arguments required","timestamp":"2021-10-11T06:20:38.253Z"}
{"level":"info","message":"Status: 200: Successfully logged in","timestamp":"2021-10-11T06:22:06.054Z"}
{"level":"error","message":"Status: 500: data and hash arguments required","timestamp":"2021-10-11T06:22:28.594Z"}
{"level":"error","message":"Status: 500: data and hash arguments required","timestamp":"2021-10-11T06:27:17.922Z"}
{"level":"info","message":"Status: 200: Entered data is valid","timestamp":"2021-10-11T06:28:38.753Z"}
{"level":"error","message":"Status: 422: User already exists","timestamp":"2021-10-11T06:28:38.812Z"}
{"level":"error","message":"Status: 500: data and hash arguments required","timestamp":"2021-10-11T06:28:54.741Z"}
{"level":"info","message":"Status: 200: Successfully logged in","timestamp":"2021-10-11T06:31:24.058Z"}
{"level":"error","message":"Status: 500: data and hash arguments required","timestamp":"2021-10-11T06:31:28.143Z"}
{"level":"info","message":"Status: 200: Successfully logged in","timestamp":"2021-10-11T06:36:08.351Z"}
{"level":"info","message":"Status: 200: Successfully logged in","timestamp":"2021-10-11T06:36:11.111Z"}
{"level":"error","message":"Status: 500: data and hash arguments required","timestamp":"2021-10-11T06:36:25.573Z"}
{"level":"error","message":"Status: 401: Invalid Credentials","timestamp":"2021-10-11T06:37:06.518Z"}
{"level":"error","message":"Status: 401: Invalid Credentials","timestamp":"2021-10-11T06:37:12.955Z"}
{"level":"error","message":"Status: 401: Invalid Credentials","timestamp":"2021-10-11T06:37:28.557Z"}
{"level":"info","message":"Status: 200: Successfully logged in","timestamp":"2021-10-11T06:40:36.483Z"}
{"level":"info","message":"Status: 200: Successfully logged in","timestamp":"2021-10-11T06:51:17.566Z"}
{"level":"info","message":"Status: 200: Successfully logged in","timestamp":"2021-10-11T06:51:37.479Z"}
{"level":"info","message":"Status: 200: Successfully returned all users","timestamp":"2021-10-11T09:01:16.344Z"}
{"level":"error","message":"Status: 401: Invalid Credentials","timestamp":"2021-10-11T09:01:46.101Z"}
{"level":"info","message":"Status: 200: Successfully logged in","timestamp":"2021-10-11T09:01:51.527Z"}
{"level":"info","message":"Status: 200: Successfully logged in","timestamp":"2021-10-11T18:15:01.881Z"}
{"level":"info","message":"Status: 200: Successfully logged in","timestamp":"2021-10-11T18:15:16.779Z"}
{"level":"error","message":"Status: 401: Invalid Credentials","timestamp":"2021-10-11T18:19:20.504Z"}
{"level":"error","message":"Status: 401: Invalid Credentials","timestamp":"2021-10-11T18:19:25.049Z"}
{"level":"error","message":"Status: 401: Invalid Credentials","timestamp":"2021-10-11T18:19:34.813Z"}
{"level":"error","message":"Status: 401: Invalid Credentials","timestamp":"2021-10-11T18:25:27.344Z"}
{"level":"error","message":"Status: 401: Invalid Credentials","timestamp":"2021-10-11T18:26:37.653Z"}
{"level":"error","message":"Status: 401: Invalid Credentials","timestamp":"2021-10-11T18:27:25.876Z"}
{"level":"error","message":"Status: 401: Invalid Credentials","timestamp":"2021-10-12T02:55:52.710Z"}
{"level":"error","message":"Status: 401: Invalid Credentials","timestamp":"2021-10-12T02:56:08.588Z"}
{"level":"info","message":"Status: 200: Successfully logged in","timestamp":"2021-10-12T02:56:14.583Z"}
{"level":"error","message":"Status: 401: Invalid Credentials","timestamp":"2021-10-12T02:57:50.369Z"}
{"level":"error","message":"Status: 401: Invalid Credentials","timestamp":"2021-10-12T03:01:46.706Z"}
{"level":"info","message":"Status: 200: Successfully logged in","timestamp":"2021-10-12T03:02:01.301Z"}
{"level":"info","message":"Status: 200: Successfully logged in","timestamp":"2021-10-12T03:03:50.646Z"}
{"level":"info","message":"Status: 200: Successfully logged in","timestamp":"2021-10-12T03:05:48.148Z"}
{"level":"error","message":"Status: 401: Invalid Credentials","timestamp":"2021-10-12T03:06:31.731Z"}
{"level":"error","message":"Status: 401: Invalid Credentials","timestamp":"2021-10-12T03:06:46.143Z"}
{"level":"error","message":"Status: 401: Invalid Credentials","timestamp":"2021-10-12T03:06:47.694Z"}
{"level":"error","message":"Status: 401: Invalid Credentials","timestamp":"2021-10-12T03:06:49.463Z"}
{"level":"error","message":"Status: 401: Invalid Credentials","timestamp":"2021-10-12T03:06:50.028Z"}
{"level":"error","message":"Status: 401: Invalid Credentials","timestamp":"2021-10-12T03:06:54.414Z"}
{"level":"error","message":"Status: 401: Invalid Credentials","timestamp":"2021-10-12T03:07:39.065Z"}
{"level":"error","message":"Status: 401: Invalid Credentials","timestamp":"2021-10-12T03:07:47.729Z"}
{"level":"error","message":"Status: 401: Invalid Credentials","timestamp":"2021-10-12T03:09:19.999Z"}
{"level":"error","message":"Status: 401: Invalid Credentials","timestamp":"2021-10-12T03:12:15.854Z"}
{"level":"info","message":"Status: 200: Successfully logged in","timestamp":"2021-10-12T03:12:39.090Z"}
{"level":"error","message":"Status: 401: Invalid Credentials","timestamp":"2021-10-12T08:13:55.648Z"}
{"level":"error","message":"Status: 401: Invalid Credentials","timestamp":"2021-10-12T08:15:44.923Z"}
{"level":"error","message":"Status: 401: Invalid Credentials","timestamp":"2021-10-12T08:17:37.098Z"}
{"level":"error","message":"Status: 401: Invalid Credentials","timestamp":"2021-10-12T08:19:07.234Z"}
{"level":"error","message":"Status: 401: Invalid Credentials","timestamp":"2021-10-12T08:21:49.367Z"}
{"level":"error","message":"Status: 401: Invalid Credentials","timestamp":"2021-10-12T08:22:50.994Z"}
{"level":"error","message":"Status: 401: Invalid Credentials","timestamp":"2021-10-12T08:23:14.895Z"}
{"level":"error","message":"Status: 401: Invalid Credentials","timestamp":"2021-10-12T08:23:17.969Z"}
{"level":"error","message":"Status: 401: Invalid Credentials","timestamp":"2021-10-12T08:23:53.856Z"}
{"level":"error","message":"Status: 401: Invalid Credentials","timestamp":"2021-10-12T08:23:58.039Z"}
{"level":"error","message":"Status: 401: Invalid Credentials","timestamp":"2021-10-12T08:24:02.702Z"}
{"level":"error","message":"Status: 401: Invalid Credentials","timestamp":"2021-10-12T08:24:20.083Z"}
{"level":"error","message":"Status: 401: Invalid Credentials","timestamp":"2021-10-12T08:26:59.127Z"}
{"level":"error","message":"Status: 401: Invalid Credentials","timestamp":"2021-10-12T08:27:06.109Z"}
{"level":"error","message":"Status: 401: Invalid Credentials","timestamp":"2021-10-12T08:27:13.523Z"}
{"level":"error","message":"Status: 401: Invalid Credentials","timestamp":"2021-10-12T08:27:30.160Z"}
{"level":"error","message":"Status: 401: Invalid Credentials","timestamp":"2021-10-12T08:27:43.305Z"}
{"level":"error","message":"Status: 401: Invalid Credentials","timestamp":"2021-10-12T08:27:57.061Z"}
{"level":"error","message":"Status: 401: Invalid Credentials","timestamp":"2021-10-12T08:28:09.921Z"}
{"level":"error","message":"Status: 401: Invalid Credentials","timestamp":"2021-10-12T08:28:58.466Z"}
{"level":"error","message":"Status: 401: Invalid Credentials","timestamp":"2021-10-12T08:31:16.439Z"}
{"level":"error","message":"Status: 401: Invalid Credentials","timestamp":"2021-10-12T08:31:49.417Z"}
{"level":"error","message":"Status: 401: Invalid Credentials","timestamp":"2021-10-12T08:31:52.760Z"}
{"level":"error","message":"Status: 401: Invalid Credentials","timestamp":"2021-10-12T08:32:42.857Z"}
{"level":"error","message":"Status: 401: Invalid Credentials","timestamp":"2021-10-12T08:33:10.401Z"}
{"level":"error","message":"Status: 401: Invalid Credentials","timestamp":"2021-10-12T08:39:31.586Z"}
{"level":"error","message":"Status: 401: Invalid Credentials","timestamp":"2021-10-12T08:42:29.568Z"}
{"level":"error","message":"Status: 401: Invalid Credentials","timestamp":"2021-10-12T08:42:54.309Z"}
{"level":"error","message":"Status: 401: Invalid Credentials","timestamp":"2021-10-12T08:43:02.163Z"}
{"level":"error","message":"Status: 401: Invalid Credentials","timestamp":"2021-10-12T08:43:11.171Z"}
{"level":"error","message":"Status: 401: Invalid Credentials","timestamp":"2021-10-12T08:43:15.865Z"}
{"level":"info","message":"Status: 200: Entered data is valid","timestamp":"2021-10-12T08:46:00.692Z"}
{"level":"error","message":"Status: 422: User already exists","timestamp":"2021-10-12T08:46:00.747Z"}
{"level":"info","message":"Status: 200: Entered data is valid","timestamp":"2021-10-12T08:46:12.018Z"}
{"level":"info","message":"Status: 200: Successfully signed up","timestamp":"2021-10-12T08:46:12.079Z"}
{"level":"info","message":"Status: 200: Entered data is valid","timestamp":"2021-10-12T08:46:24.683Z"}
{"level":"error","message":"Status: 422: User already exists","timestamp":"2021-10-12T08:46:24.735Z"}
{"level":"info","message":"Status: 200: Entered data is valid","timestamp":"2021-10-12T08:46:27.137Z"}
{"level":"error","message":"Status: 422: User already exists","timestamp":"2021-10-12T08:46:27.190Z"}
{"level":"info","message":"Status: 200: Entered data is valid","timestamp":"2021-10-12T08:46:27.392Z"}
{"level":"error","message":"Status: 422: User already exists","timestamp":"2021-10-12T08:46:27.444Z"}
{"level":"error","message":"Status: 401: Invalid Credentials","timestamp":"2021-10-12T08:46:36.738Z"}
{"level":"error","message":"Status: 401: Invalid Credentials","timestamp":"2021-10-12T08:46:41.836Z"}
{"level":"error","message":"Status: 401: Invalid Credentials","timestamp":"2021-10-12T08:46:44.400Z"}
{"level":"info","message":"Status: 200: Successfully returned all users","timestamp":"2021-10-12T08:49:03.847Z"}
{"level":"error","message":"Status: 404: User not found","timestamp":"2021-10-12T08:49:33.942Z"}
{"level":"error","message":"Status: 401: Invalid Credentials","timestamp":"2021-10-12T08:49:45.094Z"}
{"level":"error","message":"Status: 401: Invalid Credentials","timestamp":"2021-10-12T08:49:52.961Z"}
{"level":"info","message":"Status: 200: Successfully logged in","timestamp":"2021-10-12T08:50:38.142Z"}
{"level":"info","message":"Status: 200: Successfully logged in","timestamp":"2021-10-12T08:50:42.615Z"}
{"level":"info","message":"Status: 200: Successfully logged in","timestamp":"2021-10-12T08:50:43.588Z"}
{"level":"info","message":"Status: 200: Successfully logged in","timestamp":"2021-10-12T08:50:43.836Z"}
{"level":"info","message":"Status: 200: Successfully logged in","timestamp":"2021-10-12T08:50:43.911Z"}
{"level":"info","message":"Status: 200: Successfully logged in","timestamp":"2021-10-12T08:50:44.165Z"}
{"level":"info","message":"Status: 200: Entered data is valid","timestamp":"2021-10-12T08:52:58.386Z"}
{"level":"info","message":"Status: 200: Successfully signed up","timestamp":"2021-10-12T08:52:58.438Z"}
{"level":"info","message":"Status: 200: Successfully returned all users","timestamp":"2021-10-12T08:57:36.996Z"}
{"level":"info","message":"Status: 200: User found","timestamp":"2021-10-12T08:58:57.740Z"}
{"level":"info","message":"Status: 200: Successfully deleted user","timestamp":"2021-10-12T08:58:57.746Z"}
{"level":"error","message":"Status: 404: User not found","timestamp":"2021-10-12T08:59:00.076Z"}
{"level":"info","message":"Status: 200: User found","timestamp":"2021-10-12T08:59:08.295Z"}
{"level":"info","message":"Status: 200: Successfully deleted user","timestamp":"2021-10-12T08:59:08.296Z"}
{"level":"info","message":"Status: 200: User found","timestamp":"2021-10-12T08:59:13.963Z"}
{"level":"info","message":"Status: 200: Successfully deleted user","timestamp":"2021-10-12T08:59:13.964Z"}
{"level":"info","message":"Status: 200: User found","timestamp":"2021-10-12T08:59:19.543Z"}
{"level":"info","message":"Status: 200: Successfully deleted user","timestamp":"2021-10-12T08:59:19.544Z"}
{"level":"info","message":"Status: 200: User found","timestamp":"2021-10-12T08:59:25.592Z"}
{"level":"info","message":"Status: 200: Successfully deleted user","timestamp":"2021-10-12T08:59:25.593Z"}
{"level":"info","message":"Status: 200: User found","timestamp":"2021-10-12T08:59:31.745Z"}
{"level":"info","message":"Status: 200: Successfully deleted user","timestamp":"2021-10-12T08:59:31.746Z"}
{"level":"info","message":"Status: 200: User found","timestamp":"2021-10-12T08:59:44.037Z"}
{"level":"info","message":"Status: 200: Successfully deleted user","timestamp":"2021-10-12T08:59:44.038Z"}
{"level":"info","message":"Status: 200: User found","timestamp":"2021-10-12T08:59:55.931Z"}
{"level":"info","message":"Status: 200: Successfully deleted user","timestamp":"2021-10-12T08:59:55.932Z"}
{"level":"info","message":"Status: 200: Successfully returned all users","timestamp":"2021-10-12T08:59:57.825Z"}
{"level":"info","message":"Status: 200: User found","timestamp":"2021-10-12T09:00:10.466Z"}
{"level":"info","message":"Status: 200: Successfully deleted user","timestamp":"2021-10-12T09:00:10.467Z"}
{"level":"info","message":"Status: 200: User found","timestamp":"2021-10-12T09:00:20.873Z"}
{"level":"info","message":"Status: 200: Successfully deleted user","timestamp":"2021-10-12T09:00:20.874Z"}
{"level":"info","message":"Status: 200: User found","timestamp":"2021-10-12T09:00:26.569Z"}
{"level":"info","message":"Status: 200: Successfully deleted user","timestamp":"2021-10-12T09:00:26.570Z"}
{"level":"info","message":"Status: 200: User found","timestamp":"2021-10-12T09:00:31.927Z"}
{"level":"info","message":"Status: 200: Successfully deleted user","timestamp":"2021-10-12T09:00:31.928Z"}
{"level":"info","message":"Status: 200: User found","timestamp":"2021-10-12T09:00:37.308Z"}
{"level":"info","message":"Status: 200: Successfully deleted user","timestamp":"2021-10-12T09:00:37.308Z"}
{"level":"info","message":"Status: 200: User found","timestamp":"2021-10-12T09:00:42.065Z"}
{"level":"info","message":"Status: 200: Successfully deleted user","timestamp":"2021-10-12T09:00:42.066Z"}
{"level":"info","message":"Status: 200: Successfully returned all users","timestamp":"2021-10-12T09:00:43.414Z"}
{"level":"info","message":"Status: 200: User found","timestamp":"2021-10-12T09:00:47.768Z"}
{"level":"info","message":"Status: 200: Successfully deleted user","timestamp":"2021-10-12T09:00:47.769Z"}
{"level":"error","message":"Status: 404: No users found","timestamp":"2021-10-12T09:00:49.393Z"}
{"level":"info","message":"Status: 200: Entered data is valid","timestamp":"2021-10-12T09:01:05.575Z"}
{"level":"info","message":"Status: 200: Successfully signed up","timestamp":"2021-10-12T09:01:05.630Z"}
{"level":"info","message":"Status: 200: Successfully logged in","timestamp":"2021-10-12T09:01:14.687Z"}
{"level":"error","message":"Status: 401: Invalid Credentials","timestamp":"2021-10-12T09:17:36.193Z"}
{"level":"error","message":"Status: 401: Invalid Credentials","timestamp":"2021-10-12T09:17:39.038Z"}
{"level":"error","message":"Status: 401: Invalid Credentials","timestamp":"2021-10-12T09:17:40.545Z"}
{"level":"error","message":"Status: 401: Invalid Credentials","timestamp":"2021-10-12T09:17:41.842Z"}
{"level":"error","message":"Status: 401: Invalid Credentials","timestamp":"2021-10-12T09:17:45.820Z"}
{"level":"error","message":"Status: 401: Invalid Credentials","timestamp":"2021-10-12T09:19:49.356Z"}
{"level":"info","message":"Status: 200: Successfully logged in","timestamp":"2021-10-12T09:43:22.401Z"}
{"level":"info","message":"Status: 200: Successfully logged in","timestamp":"2021-10-12T09:47:54.138Z"}
{"level":"error","message":"Status: 401: Invalid Credentials","timestamp":"2021-10-13T02:58:02.276Z"}
{"level":"info","message":"Status: 200: Successfully logged in","timestamp":"2021-10-13T02:58:19.352Z"}
{"level":"info","message":"Status: 200: Successfully logged in","timestamp":"2021-10-13T03:07:02.281Z"}
{"level":"error","message":"Status: 401: Invalid Credentials","timestamp":"2021-10-13T08:46:24.403Z"}
{"level":"info","message":"Status: 200: Successfully logged in","timestamp":"2021-10-13T08:46:40.160Z"}
{"level":"error","message":"Status: 401: Invalid Credentials","timestamp":"2021-10-14T07:43:00.629Z"}
{"level":"error","message":"Status: 401: Invalid Credentials","timestamp":"2021-10-14T07:43:13.938Z"}
{"level":"info","message":"Status: 200: Entered data is valid","timestamp":"2021-10-14T07:43:34.821Z"}
{"level":"info","message":"Status: 200: Successfully signed up","timestamp":"2021-10-14T07:43:34.885Z"}
{"level":"info","message":"Status: 200: Successfully logged in","timestamp":"2021-10-14T07:43:48.671Z"}
{"level":"error","message":"Status: 401: Invalid Credentials","timestamp":"2021-10-18T02:58:39.650Z"}
{"level":"error","message":"Status: 401: Invalid Credentials","timestamp":"2021-10-18T02:58:41.225Z"}
{"level":"info","message":"Status: 200: Successfully logged in","timestamp":"2021-10-18T02:58:51.917Z"}
{"level":"info","message":"Status: 200: Successfully logged in","timestamp":"2021-10-18T03:12:38.168Z"}
{"level":"info","message":"Status: 200: Successfully logged in","timestamp":"2021-10-18T03:15:59.756Z"}
{"level":"info","message":"Status: 200: Successfully logged in","timestamp":"2021-10-18T03:22:02.314Z"}
{"level":"error","message":"Status: 401: Invalid Credentials","timestamp":"2021-10-18T03:40:30.472Z"}
{"level":"error","message":"Status: 401: Invalid Credentials","timestamp":"2021-10-18T03:40:47.200Z"}
{"level":"error","message":"Status: 401: Invalid Credentials","timestamp":"2021-10-18T03:40:56.743Z"}
{"level":"error","message":"Status: 401: Invalid Credentials","timestamp":"2021-10-18T03:41:01.247Z"}
{"level":"error","message":"Status: 401: Invalid Credentials","timestamp":"2021-10-18T03:41:13.367Z"}
{"level":"info","message":"Status: 200: Successfully logged in","timestamp":"2021-10-18T03:44:51.561Z"}
{"level":"info","message":"Status: 200: Successfully logged in","timestamp":"2021-10-20T04:25:52.252Z"}
{"level":"info","message":"Status: 200: Successfully logged in","timestamp":"2021-10-20T04:27:16.562Z"}
{"level":"info","message":"Status: 200: Successfully logged in","timestamp":"2021-10-20T04:28:41.922Z"}
{"level":"info","message":"Status: 200: Successfully logged in","timestamp":"2021-10-20T04:29:12.838Z"}
{"level":"info","message":"Status: 200: Successfully logged in","timestamp":"2021-10-20T04:29:29.659Z"}
{"level":"info","message":"Status: 200: Successfully logged in","timestamp":"2021-10-20T04:29:45.559Z"}
{"level":"info","message":"Status: 200: Successfully logged in","timestamp":"2021-10-20T04:30:07.920Z"}
{"level":"info","message":"Status: 200: Successfully logged in","timestamp":"2021-10-21T02:42:48.246Z"}
{"level":"info","message":"Status: 200: Successfully logged in","timestamp":"2021-10-22T02:48:52.038Z"}
{"level":"error","message":"Status: 401: Invalid Credentials","timestamp":"2021-10-22T08:15:22.484Z"}
{"level":"info","message":"Status: 200: Successfully logged in","timestamp":"2021-10-22T08:15:34.219Z"}
{"level":"info","message":"Status: 200: Successfully logged in","timestamp":"2021-10-22T11:48:14.666Z"}
{"level":"info","message":"Status: 200: Successfully logged in","timestamp":"2021-10-22T11:48:34.347Z"}
{"level":"info","message":"Status: 200: Successfully logged in","timestamp":"2021-10-22T11:54:45.576Z"}
{"level":"info","message":"Status: 200: Entered data is valid","timestamp":"2021-10-22T11:55:11.271Z"}
{"level":"error","message":"Status: 422: User already exists","timestamp":"2021-10-22T11:55:11.325Z"}
{"level":"info","message":"Status: 200: Entered data is valid","timestamp":"2021-10-22T11:55:29.148Z"}
{"level":"info","message":"Status: 200: Successfully signed up","timestamp":"2021-10-22T11:55:29.214Z"}
{"level":"info","message":"Status: 200: Successfully logged in","timestamp":"2021-10-22T11:55:39.114Z"}
{"level":"info","message":"Status: 200: Successfully logged in","timestamp":"2021-10-22T12:23:33.587Z"}
{"level":"info","message":"Status: 200: Successfully logged in","timestamp":"2021-10-22T12:27:26.883Z"}
{"level":"info","message":"Status: 200: Successfully logged in","timestamp":"2021-10-23T02:59:31.423Z"}
{"level":"info","message":"Status: 200: Successfully logged in","timestamp":"2021-10-23T06:23:25.908Z"}
{"level":"info","message":"Status: 200: Successfully logged in","timestamp":"2021-10-23T06:23:53.841Z"}
{"level":"error","message":"Status: 401: Invalid Credentials","timestamp":"2021-10-23T06:26:32.080Z"}
{"level":"info","message":"Status: 200: Successfully logged in","timestamp":"2021-10-23T06:26:35.551Z"}
{"level":"info","message":"Status: 200: Successfully logged in","timestamp":"2021-10-23T06:30:10.193Z"}
{"level":"info","message":"Status: 200: Successfully logged in","timestamp":"2021-10-23T06:31:19.119Z"}
{"level":"info","message":"Status: 200: Successfully logged in","timestamp":"2021-10-23T06:31:27.462Z"}
{"level":"info","message":"Status: 200: Successfully logged in","timestamp":"2021-10-23T06:33:16.759Z"}
{"level":"info","message":"Status: 200: Successfully logged in","timestamp":"2021-10-23T06:33:25.253Z"}
{"level":"info","message":"Status: 200: Successfully logged in","timestamp":"2021-10-23T06:41:45.886Z"}
{"level":"info","message":"Status: 200: Successfully logged in","timestamp":"2021-10-23T06:45:44.552Z"}
{"level":"info","message":"Status: 200: Successfully logged in","timestamp":"2021-10-23T06:46:10.524Z"}
{"level":"info","message":"Status: 200: Successfully logged in","timestamp":"2021-10-23T06:46:27.500Z"}
{"level":"info","message":"Status: 200: Successfully logged in","timestamp":"2021-10-23T06:47:12.077Z"}
{"level":"info","message":"Status: 200: Successfully logged in","timestamp":"2021-10-23T06:47:18.909Z"}
{"level":"info","message":"Status: 200: Successfully logged in","timestamp":"2021-10-23T06:48:42.112Z"}
{"level":"info","message":"Status: 200: Successfully logged in","timestamp":"2021-10-23T06:57:02.964Z"}
{"level":"info","message":"Status: 200: Successfully logged in","timestamp":"2021-10-23T06:57:18.825Z"}
{"level":"info","message":"Status: 200: Successfully logged in","timestamp":"2021-10-23T07:05:54.374Z"}
{"level":"info","message":"Status: 200: Successfully logged in","timestamp":"2021-10-23T07:30:57.311Z"}
{"level":"info","message":"Status: 200: Successfully logged in","timestamp":"2021-10-23T07:31:41.443Z"}
{"level":"info","message":"Status: 200: Successfully logged in","timestamp":"2021-10-23T07:33:05.165Z"}
{"level":"info","message":"Status: 200: Successfully logged in","timestamp":"2021-10-23T07:39:33.661Z"}
{"level":"info","message":"Status: 200: Successfully logged in","timestamp":"2021-10-23T07:41:34.754Z"}
{"level":"info","message":"Status: 200: Successfully logged in","timestamp":"2021-10-23T07:46:12.424Z"}
{"level":"info","message":"Status: 200: Successfully logged in","timestamp":"2021-10-23T07:58:04.449Z"}
{"level":"info","message":"Status: 200: Successfully logged in","timestamp":"2021-10-23T07:59:25.476Z"}
{"level":"info","message":"Status: 200: Successfully logged in","timestamp":"2021-10-23T08:01:56.530Z"}
{"level":"info","message":"Status: 200: Successfully logged in","timestamp":"2021-10-23T08:02:58.838Z"}
{"level":"info","message":"Status: 200: Successfully logged in","timestamp":"2021-10-23T08:03:56.260Z"}
{"level":"info","message":"Status: 200: Successfully logged in","timestamp":"2021-10-23T08:05:46.243Z"}
{"level":"info","message":"Status: 200: User found","timestamp":"2021-10-23T08:09:14.499Z"}
{"level":"info","message":"Status: 200: Successfully returned user","timestamp":"2021-10-23T08:09:14.500Z"}
{"level":"info","message":"Status: 200: User found","timestamp":"2021-10-23T08:09:25.952Z"}
{"level":"info","message":"Status: 200: Successfully returned user","timestamp":"2021-10-23T08:09:25.952Z"}
{"level":"info","message":"Status: 200: User found","timestamp":"2021-10-23T08:09:32.663Z"}
{"level":"info","message":"Status: 200: Successfully returned user","timestamp":"2021-10-23T08:09:32.664Z"}
{"level":"info","message":"Status: 200: Successfully returned all users","timestamp":"2021-10-23T08:09:43.788Z"}
{"level":"info","message":"Status: 200: User found","timestamp":"2021-10-23T08:10:08.006Z"}
{"level":"info","message":"Status: 200: Successfully deleted user","timestamp":"2021-10-23T08:10:08.012Z"}
{"level":"info","message":"Status: 200: User found","timestamp":"2021-10-23T08:10:26.456Z"}
{"level":"info","message":"Status: 200: Successfully returned user","timestamp":"2021-10-23T08:10:26.456Z"}
{"level":"info","message":"Status: 200: User found","timestamp":"2021-10-23T08:20:22.321Z"}
{"level":"info","message":"Status: 200: Successfully returned user","timestamp":"2021-10-23T08:20:22.321Z"}
{"level":"info","message":"Status: 200: User found","timestamp":"2021-10-23T08:20:25.207Z"}
{"level":"info","message":"Status: 200: Successfully returned user","timestamp":"2021-10-23T08:20:25.207Z"}
{"level":"info","message":"Status: 200: User found","timestamp":"2021-10-23T08:21:09.000Z"}
{"level":"info","message":"Status: 200: Successfully returned user","timestamp":"2021-10-23T08:21:09.001Z"}
{"level":"info","message":"Status: 200: User found","timestamp":"2021-10-23T08:21:13.630Z"}
{"level":"info","message":"Status: 200: Successfully returned user","timestamp":"2021-10-23T08:21:13.630Z"}
{"level":"info","message":"Status: 200: User found","timestamp":"2021-10-23T08:21:17.095Z"}
{"level":"info","message":"Status: 200: Successfully returned user","timestamp":"2021-10-23T08:21:17.095Z"}
{"level":"info","message":"Status: 200: User found","timestamp":"2021-10-23T08:21:18.350Z"}
{"level":"info","message":"Status: 200: Successfully returned user","timestamp":"2021-10-23T08:21:18.350Z"}
{"level":"info","message":"Status: 200: User found","timestamp":"2021-10-23T08:22:02.833Z"}
{"level":"info","message":"Status: 200: Successfully returned user","timestamp":"2021-10-23T08:22:02.833Z"}
{"level":"info","message":"Status: 200: User found","timestamp":"2021-10-23T08:22:05.598Z"}
{"level":"info","message":"Status: 200: Successfully returned user","timestamp":"2021-10-23T08:22:05.598Z"}
{"level":"info","message":"Status: 200: User found","timestamp":"2021-10-23T08:22:07.678Z"}
{"level":"info","message":"Status: 200: Successfully returned user","timestamp":"2021-10-23T08:22:07.678Z"}
{"level":"info","message":"Status: 200: User found","timestamp":"2021-10-23T08:22:12.313Z"}
{"level":"info","message":"Status: 200: Successfully returned user","timestamp":"2021-10-23T08:22:12.313Z"}
{"level":"info","message":"Status: 200: User found","timestamp":"2021-10-23T08:22:16.007Z"}
{"level":"info","message":"Status: 200: Successfully returned user","timestamp":"2021-10-23T08:22:16.008Z"}
{"level":"info","message":"Status: 200: User found","timestamp":"2021-10-23T08:24:38.001Z"}
{"level":"info","message":"Status: 200: Successfully returned user","timestamp":"2021-10-23T08:24:38.001Z"}
{"level":"info","message":"Status: 200: User found","timestamp":"2021-10-23T08:24:40.350Z"}
{"level":"info","message":"Status: 200: Successfully returned user","timestamp":"2021-10-23T08:24:40.350Z"}
{"level":"info","message":"Status: 200: User found","timestamp":"2021-10-23T08:25:30.840Z"}
{"level":"info","message":"Status: 200: Successfully returned user","timestamp":"2021-10-23T08:25:30.841Z"}
{"level":"info","message":"Status: 200: User found","timestamp":"2021-10-23T08:25:52.881Z"}
{"level":"info","message":"Status: 200: Successfully returned user","timestamp":"2021-10-23T08:25:52.882Z"}
{"level":"info","message":"Status: 200: User found","timestamp":"2021-10-23T08:25:56.895Z"}
{"level":"info","message":"Status: 200: Successfully returned user","timestamp":"2021-10-23T08:25:56.895Z"}
{"level":"info","message":"Status: 200: User found","timestamp":"2021-10-23T08:26:00.679Z"}
{"level":"info","message":"Status: 200: Successfully returned user","timestamp":"2021-10-23T08:26:00.679Z"}
{"level":"info","message":"Status: 200: User found","timestamp":"2021-10-23T08:26:06.471Z"}
{"level":"info","message":"Status: 200: Successfully returned user","timestamp":"2021-10-23T08:26:06.471Z"}
{"level":"info","message":"Status: 200: User found","timestamp":"2021-10-23T08:26:11.642Z"}
{"level":"info","message":"Status: 200: Successfully returned user","timestamp":"2021-10-23T08:26:11.642Z"}
{"level":"info","message":"Status: 200: User found","timestamp":"2021-10-23T08:26:15.647Z"}
{"level":"info","message":"Status: 200: Successfully returned user","timestamp":"2021-10-23T08:26:15.647Z"}
{"level":"info","message":"Status: 200: Successfully logged in","timestamp":"2021-10-23T08:28:35.704Z"}
{"level":"info","message":"Status: 200: User found","timestamp":"2021-10-23T08:28:38.194Z"}
{"level":"info","message":"Status: 200: Successfully returned user","timestamp":"2021-10-23T08:28:38.194Z"}
{"level":"info","message":"Status: 200: User found","timestamp":"2021-10-23T08:28:43.722Z"}
{"level":"info","message":"Status: 200: Successfully returned user","timestamp":"2021-10-23T08:28:43.722Z"}
