{"level":"error","message":"Status: 422: User already exists","timestamp":"2021-10-11T03:36:32.861Z"}
{"level":"error","message":"Status: 422: User already exists","timestamp":"2021-10-11T03:57:20.287Z"}
{"level":"error","message":"Status: 422: User already exists","timestamp":"2021-10-11T03:59:22.880Z"}
{"level":"error","message":"Status: 422: User already exists","timestamp":"2021-10-11T04:03:50.085Z"}
{"level":"error","message":"Status: 422: User already exists","timestamp":"2021-10-11T04:06:40.466Z"}
{"level":"error","message":"Status: 422: User already exists","timestamp":"2021-10-11T04:08:36.101Z"}
{"level":"error","message":"Status: 422: User already exists","timestamp":"2021-10-11T04:10:35.127Z"}
{"level":"error","message":"Status: 422: User already exists","timestamp":"2021-10-11T04:11:49.695Z"}
{"level":"error","message":"Status: 422: User already exists","timestamp":"2021-10-11T04:12:24.359Z"}
{"level":"error","message":"Status: 422: User already exists","timestamp":"2021-10-11T04:17:34.097Z"}
{"level":"error","message":"Status: 422: User already exists","timestamp":"2021-10-11T04:18:58.915Z"}
{"level":"error","message":"Status: 422: User already exists","timestamp":"2021-10-11T04:19:33.039Z"}
{"level":"error","message":"Status: 422: User already exists","timestamp":"2021-10-11T04:21:16.567Z"}
{"level":"error","message":"Status: 422: User already exists","timestamp":"2021-10-11T04:46:53.602Z"}
{"level":"error","message":"Status: 422: User already exists","timestamp":"2021-10-11T04:50:06.470Z"}
{"level":"error","message":"Status: 422: User already exists","timestamp":"2021-10-11T05:45:25.265Z"}
{"level":"error","message":"Status: 500: data and hash arguments required","timestamp":"2021-10-11T06:20:38.253Z"}
{"level":"error","message":"Status: 500: data and hash arguments required","timestamp":"2021-10-11T06:22:28.594Z"}
{"level":"error","message":"Status: 500: data and hash arguments required","timestamp":"2021-10-11T06:27:17.922Z"}
{"level":"error","message":"Status: 422: User already exists","timestamp":"2021-10-11T06:28:38.812Z"}
{"level":"error","message":"Status: 500: data and hash arguments required","timestamp":"2021-10-11T06:28:54.741Z"}
{"level":"error","message":"Status: 500: data and hash arguments required","timestamp":"2021-10-11T06:31:28.143Z"}
{"level":"error","message":"Status: 500: data and hash arguments required","timestamp":"2021-10-11T06:36:25.573Z"}
{"level":"error","message":"Status: 401: Invalid Credentials","timestamp":"2021-10-11T06:37:06.518Z"}
{"level":"error","message":"Status: 401: Invalid Credentials","timestamp":"2021-10-11T06:37:12.955Z"}
{"level":"error","message":"Status: 401: Invalid Credentials","timestamp":"2021-10-11T06:37:28.557Z"}
{"level":"error","message":"Status: 401: Invalid Credentials","timestamp":"2021-10-11T09:01:46.101Z"}
{"level":"error","message":"Status: 401: Invalid Credentials","timestamp":"2021-10-11T18:19:20.504Z"}
{"level":"error","message":"Status: 401: Invalid Credentials","timestamp":"2021-10-11T18:19:25.049Z"}
{"level":"error","message":"Status: 401: Invalid Credentials","timestamp":"2021-10-11T18:19:34.813Z"}
{"level":"error","message":"Status: 401: Invalid Credentials","timestamp":"2021-10-11T18:25:27.344Z"}
{"level":"error","message":"Status: 401: Invalid Credentials","timestamp":"2021-10-11T18:26:37.653Z"}
{"level":"error","message":"Status: 401: Invalid Credentials","timestamp":"2021-10-11T18:27:25.876Z"}
{"level":"error","message":"Status: 401: Invalid Credentials","timestamp":"2021-10-12T02:55:52.710Z"}
{"level":"error","message":"Status: 401: Invalid Credentials","timestamp":"2021-10-12T02:56:08.588Z"}
{"level":"error","message":"Status: 401: Invalid Credentials","timestamp":"2021-10-12T02:57:50.369Z"}
{"level":"error","message":"Status: 401: Invalid Credentials","timestamp":"2021-10-12T03:01:46.706Z"}
{"level":"error","message":"Status: 401: Invalid Credentials","timestamp":"2021-10-12T03:06:31.731Z"}
{"level":"error","message":"Status: 401: Invalid Credentials","timestamp":"2021-10-12T03:06:46.143Z"}
{"level":"error","message":"Status: 401: Invalid Credentials","timestamp":"2021-10-12T03:06:47.694Z"}
{"level":"error","message":"Status: 401: Invalid Credentials","timestamp":"2021-10-12T03:06:49.463Z"}
{"level":"error","message":"Status: 401: Invalid Credentials","timestamp":"2021-10-12T03:06:50.028Z"}
{"level":"error","message":"Status: 401: Invalid Credentials","timestamp":"2021-10-12T03:06:54.414Z"}
{"level":"error","message":"Status: 401: Invalid Credentials","timestamp":"2021-10-12T03:07:39.065Z"}
{"level":"error","message":"Status: 401: Invalid Credentials","timestamp":"2021-10-12T03:07:47.729Z"}
{"level":"error","message":"Status: 401: Invalid Credentials","timestamp":"2021-10-12T03:09:19.999Z"}
{"level":"error","message":"Status: 401: Invalid Credentials","timestamp":"2021-10-12T03:12:15.854Z"}
{"level":"error","message":"Status: 401: Invalid Credentials","timestamp":"2021-10-12T08:13:55.648Z"}
{"level":"error","message":"Status: 401: Invalid Credentials","timestamp":"2021-10-12T08:15:44.923Z"}
{"level":"error","message":"Status: 401: Invalid Credentials","timestamp":"2021-10-12T08:17:37.098Z"}
{"level":"error","message":"Status: 401: Invalid Credentials","timestamp":"2021-10-12T08:19:07.234Z"}
{"level":"error","message":"Status: 401: Invalid Credentials","timestamp":"2021-10-12T08:21:49.367Z"}
{"level":"error","message":"Status: 401: Invalid Credentials","timestamp":"2021-10-12T08:22:50.994Z"}
{"level":"error","message":"Status: 401: Invalid Credentials","timestamp":"2021-10-12T08:23:14.895Z"}
{"level":"error","message":"Status: 401: Invalid Credentials","timestamp":"2021-10-12T08:23:17.969Z"}
{"level":"error","message":"Status: 401: Invalid Credentials","timestamp":"2021-10-12T08:23:53.856Z"}
{"level":"error","message":"Status: 401: Invalid Credentials","timestamp":"2021-10-12T08:23:58.039Z"}
{"level":"error","message":"Status: 401: Invalid Credentials","timestamp":"2021-10-12T08:24:02.702Z"}
{"level":"error","message":"Status: 401: Invalid Credentials","timestamp":"2021-10-12T08:24:20.083Z"}
{"level":"error","message":"Status: 401: Invalid Credentials","timestamp":"2021-10-12T08:26:59.127Z"}
{"level":"error","message":"Status: 401: Invalid Credentials","timestamp":"2021-10-12T08:27:06.109Z"}
{"level":"error","message":"Status: 401: Invalid Credentials","timestamp":"2021-10-12T08:27:13.523Z"}
{"level":"error","message":"Status: 401: Invalid Credentials","timestamp":"2021-10-12T08:27:30.160Z"}
{"level":"error","message":"Status: 401: Invalid Credentials","timestamp":"2021-10-12T08:27:43.305Z"}
{"level":"error","message":"Status: 401: Invalid Credentials","timestamp":"2021-10-12T08:27:57.061Z"}
{"level":"error","message":"Status: 401: Invalid Credentials","timestamp":"2021-10-12T08:28:09.921Z"}
{"level":"error","message":"Status: 401: Invalid Credentials","timestamp":"2021-10-12T08:28:58.466Z"}
{"level":"error","message":"Status: 401: Invalid Credentials","timestamp":"2021-10-12T08:31:16.439Z"}
{"level":"error","message":"Status: 401: Invalid Credentials","timestamp":"2021-10-12T08:31:49.417Z"}
{"level":"error","message":"Status: 401: Invalid Credentials","timestamp":"2021-10-12T08:31:52.760Z"}
{"level":"error","message":"Status: 401: Invalid Credentials","timestamp":"2021-10-12T08:32:42.857Z"}
{"level":"error","message":"Status: 401: Invalid Credentials","timestamp":"2021-10-12T08:33:10.401Z"}
{"level":"error","message":"Status: 401: Invalid Credentials","timestamp":"2021-10-12T08:39:31.586Z"}
{"level":"error","message":"Status: 401: Invalid Credentials","timestamp":"2021-10-12T08:42:29.568Z"}
{"level":"error","message":"Status: 401: Invalid Credentials","timestamp":"2021-10-12T08:42:54.309Z"}
{"level":"error","message":"Status: 401: Invalid Credentials","timestamp":"2021-10-12T08:43:02.163Z"}
{"level":"error","message":"Status: 401: Invalid Credentials","timestamp":"2021-10-12T08:43:11.171Z"}
{"level":"error","message":"Status: 401: Invalid Credentials","timestamp":"2021-10-12T08:43:15.865Z"}
{"level":"error","message":"Status: 422: User already exists","timestamp":"2021-10-12T08:46:00.747Z"}
{"level":"error","message":"Status: 422: User already exists","timestamp":"2021-10-12T08:46:24.735Z"}
{"level":"error","message":"Status: 422: User already exists","timestamp":"2021-10-12T08:46:27.190Z"}
{"level":"error","message":"Status: 422: User already exists","timestamp":"2021-10-12T08:46:27.444Z"}
{"level":"error","message":"Status: 401: Invalid Credentials","timestamp":"2021-10-12T08:46:36.738Z"}
{"level":"error","message":"Status: 401: Invalid Credentials","timestamp":"2021-10-12T08:46:41.836Z"}
{"level":"error","message":"Status: 401: Invalid Credentials","timestamp":"2021-10-12T08:46:44.400Z"}
{"level":"error","message":"Status: 404: User not found","timestamp":"2021-10-12T08:49:33.942Z"}
{"level":"error","message":"Status: 401: Invalid Credentials","timestamp":"2021-10-12T08:49:45.094Z"}
{"level":"error","message":"Status: 401: Invalid Credentials","timestamp":"2021-10-12T08:49:52.961Z"}
{"level":"error","message":"Status: 404: User not found","timestamp":"2021-10-12T08:59:00.076Z"}
{"level":"error","message":"Status: 404: No users found","timestamp":"2021-10-12T09:00:49.393Z"}
{"level":"error","message":"Status: 401: Invalid Credentials","timestamp":"2021-10-12T09:17:36.193Z"}
{"level":"error","message":"Status: 401: Invalid Credentials","timestamp":"2021-10-12T09:17:39.038Z"}
{"level":"error","message":"Status: 401: Invalid Credentials","timestamp":"2021-10-12T09:17:40.545Z"}
{"level":"error","message":"Status: 401: Invalid Credentials","timestamp":"2021-10-12T09:17:41.842Z"}
{"level":"error","message":"Status: 401: Invalid Credentials","timestamp":"2021-10-12T09:17:45.820Z"}
{"level":"error","message":"Status: 401: Invalid Credentials","timestamp":"2021-10-12T09:19:49.356Z"}
{"level":"error","message":"Status: 401: Invalid Credentials","timestamp":"2021-10-13T02:58:02.276Z"}
{"level":"error","message":"Status: 401: Invalid Credentials","timestamp":"2021-10-13T08:46:24.403Z"}
{"level":"error","message":"Status: 401: Invalid Credentials","timestamp":"2021-10-14T07:43:00.629Z"}
{"level":"error","message":"Status: 401: Invalid Credentials","timestamp":"2021-10-14T07:43:13.938Z"}
{"level":"error","message":"Status: 401: Invalid Credentials","timestamp":"2021-10-18T02:58:39.650Z"}
{"level":"error","message":"Status: 401: Invalid Credentials","timestamp":"2021-10-18T02:58:41.225Z"}
{"level":"error","message":"Status: 401: Invalid Credentials","timestamp":"2021-10-18T03:40:30.472Z"}
{"level":"error","message":"Status: 401: Invalid Credentials","timestamp":"2021-10-18T03:40:47.200Z"}
{"level":"error","message":"Status: 401: Invalid Credentials","timestamp":"2021-10-18T03:40:56.743Z"}
{"level":"error","message":"Status: 401: Invalid Credentials","timestamp":"2021-10-18T03:41:01.247Z"}
{"level":"error","message":"Status: 401: Invalid Credentials","timestamp":"2021-10-18T03:41:13.367Z"}
{"level":"error","message":"Status: 401: Invalid Credentials","timestamp":"2021-10-22T08:15:22.484Z"}
{"level":"error","message":"Status: 422: User already exists","timestamp":"2021-10-22T11:55:11.325Z"}
{"level":"error","message":"Status: 401: Invalid Credentials","timestamp":"2021-10-23T06:26:32.080Z"}
